
> react-typescript-starter@0.1.0 test
> react-scripts test "--coverage"

FAIL src/App.test.tsx
  ● Test suite failed to run

    Invalid hook call. Hooks can only be called inside of the body of a function component. This could happen for one of the following reasons:
    1. You might have mismatching versions of React and the renderer (such as React DOM)
    2. You might be breaking the Rules of Hooks
    3. You might have more than one copy of React in the same app
    See https://reactjs.org/link/invalid-hook-call for tips about how to debug and fix this problem.

      2 | import "./interfaces/course";
      3 | import { Course } from "./interfaces/course";
    > 4 | const [course, setCourse] = useState<Course[]>([]);
        |                             ^
      5 |
      6 | export function clearAllCourse() {
      7 |     setCourse([]);

      at resolveDispatcher (node_modules/react/cjs/react.development.js:1476:13)
      at useState (node_modules/react/cjs/react.development.js:1507:20)
      at Object.<anonymous> (src/courses.tsx:4:29)
      at Object.<anonymous> (src/App.tsx:2:1)
      at Object.<anonymous> (src/App.test.tsx:3:1)
      at TestScheduler.scheduleTests (node_modules/@jest/core/build/TestScheduler.js:333:13)
      at runJest (node_modules/@jest/core/build/runJest.js:404:19)
      at _run10000 (node_modules/@jest/core/build/cli/index.js:320:7)
      at runCLI (node_modules/@jest/core/build/cli/index.js:173:3)

-----------------------|---------|----------|---------|---------|-------------------
File                   | % Stmts | % Branch | % Funcs | % Lines | Uncovered Line #s 
-----------------------|---------|----------|---------|---------|-------------------
All files              |       0 |      100 |       0 |       0 |                   
 src                   |       0 |      100 |       0 |       0 |                   
  App.tsx              |       0 |      100 |       0 |       0 | 17-71             
  courses.tsx          |       0 |      100 |       0 |       0 | 4-8               
  semester.tsx         |       0 |      100 |       0 |       0 | 4-8               
 src/components        |       0 |      100 |       0 |       0 |                   
  AddSemesterModal.tsx |       0 |      100 |       0 |       0 | 14-75             
 src/interfaces        |       0 |        0 |       0 |       0 |                   
  concentration.ts     |       0 |        0 |       0 |       0 |                   
  course.ts            |       0 |        0 |       0 |       0 |                   
  plan.ts              |       0 |        0 |       0 |       0 |                   
  semester.ts          |       0 |        0 |       0 |       0 |                   
-----------------------|---------|----------|---------|---------|-------------------
Test Suites: 1 failed, 1 total
Tests:       0 total
Snapshots:   0 total
Time:        1.871 s
Ran all test suites.
